# JRE version: OpenJDK Runtime Environment Temurin-17.0.1+12 (17.0.1+12) (build 17.0.1+12)
# Java VM: OpenJDK 64-Bit Server VM Temurin-17.0.1+12 (17.0.1+12, mixed mode, tiered, compressed oops, compressed class ptrs, g1 gc, windows-amd64)
GC Precious Log:
 CPUs: 4 total, 4 available
 Memory: 3991M
 Large Page Support: Disabled
 NUMA Support: Disabled
 Compressed Oops: Enabled (32-bit)
 Heap Region Size: 1M
 Heap Min Capacity: 8M
 Heap Initial Capacity: 64M
 Heap Max Capacity: 998M
 Pre-touch: Disabled
 Parallel Workers: 4
 Concurrent Workers: 1
 Concurrent Refinement Workers: 4
 Periodic GC: Disabled
Heap:
 garbage-first heap   total 61440K, used 24730K [0x00000000c1a00000, 0x0000000100000000)
  region size 1024K, 11 young (11264K), 4 survivors (4096K)
 Metaspace       used 30125K, committed 30720K, reserved 1081344K
  class space    used 3334K, committed 3584K, reserved 1048576K
GC Heap History (10 events):
Event: 1.168 GC heap before
{Heap before GC invocations=0 (full 0):
 garbage-first heap   total 65536K, used 12288K [0x00000000c1a00000, 0x0000000100000000)
  region size 1024K, 13 young (13312K), 0 survivors (0K)
 Metaspace       used 9011K, committed 9152K, reserved 1064960K
  class space    used 757K, committed 832K, reserved 1048576K
}
Event: 1.175 GC heap after
{Heap after GC invocations=1 (full 0):
 garbage-first heap   total 65536K, used 2556K [0x00000000c1a00000, 0x0000000100000000)
  region size 1024K, 2 young (2048K), 2 survivors (2048K)
 Metaspace       used 9011K, committed 9152K, reserved 1064960K
  class space    used 757K, committed 832K, reserved 1048576K
}
Event: 2.095 GC heap before
{Heap before GC invocations=1 (full 0):
 garbage-first heap   total 65536K, used 20988K [0x00000000c1a00000, 0x0000000100000000)
  region size 1024K, 18 young (18432K), 2 survivors (2048K)
 Metaspace       used 13314K, committed 13440K, reserved 1064960K
  class space    used 1187K, committed 1280K, reserved 1048576K
}
Event: 2.105 GC heap after
{Heap after GC invocations=2 (full 0):
 garbage-first heap   total 65536K, used 5945K [0x00000000c1a00000, 0x0000000100000000)
  region size 1024K, 3 young (3072K), 3 survivors (3072K)
 Metaspace       used 13314K, committed 13440K, reserved 1064960K
  class space    used 1187K, committed 1280K, reserved 1048576K
}
Event: 3.448 GC heap before
{Heap before GC invocations=2 (full 0):
 garbage-first heap   total 65536K, used 41785K [0x00000000c1a00000, 0x0000000100000000)
  region size 1024K, 38 young (38912K), 3 survivors (3072K)
 Metaspace       used 21141K, committed 21504K, reserved 1073152K
  class space    used 2183K, committed 2368K, reserved 1048576K
}
Event: 3.475 GC heap after
{Heap after GC invocations=3 (full 0):
 garbage-first heap   total 65536K, used 12824K [0x00000000c1a00000, 0x0000000100000000)
  region size 1024K, 5 young (5120K), 5 survivors (5120K)
 Metaspace       used 21141K, committed 21504K, reserved 1073152K
  class space    used 2183K, committed 2368K, reserved 1048576K
}
Event: 3.475 GC heap before
{Heap before GC invocations=3 (full 0):
 garbage-first heap   total 65536K, used 12824K [0x00000000c1a00000, 0x0000000100000000)
  region size 1024K, 6 young (6144K), 5 survivors (5120K)
 Metaspace       used 21141K, committed 21504K, reserved 1073152K
  class space    used 2183K, committed 2368K, reserved 1048576K
}
Event: 3.489 GC heap after
{Heap after GC invocations=4 (full 0):
 garbage-first heap   total 65536K, used 13437K [0x00000000c1a00000, 0x0000000100000000)
  region size 1024K, 1 young (1024K), 1 survivors (1024K)
 Metaspace       used 21141K, committed 21504K, reserved 1073152K
  class space    used 2183K, committed 2368K, reserved 1048576K
}
Event: 23.346 GC heap before
{Heap before GC invocations=5 (full 0):
 garbage-first heap   total 61440K, used 43133K [0x00000000c1a00000, 0x0000000100000000)
  region size 1024K, 30 young (30720K), 1 survivors (1024K)
 Metaspace       used 28120K, committed 28672K, reserved 1081344K
  class space    used 3135K, committed 3328K, reserved 1048576K
}
Event: 23.375 GC heap after
{Heap after GC invocations=6 (full 0):
 garbage-first heap   total 61440K, used 19610K [0x00000000c1a00000, 0x0000000100000000)
  region size 1024K, 4 young (4096K), 4 survivors (4096K)
 Metaspace       used 28120K, committed 28672K, reserved 1081344K
  class space    used 3135K, committed 3328K, reserved 1048576K
}

