<?xml version="1.0" encoding="UTF-8"?>
<!-- Generated by org.testng.reporters.JUnitXMLReporter -->
<testsuite hostname="Dell-52STKP2-NS" failures="0" tests="4" name="Default test" time="0.07" errors="0" timestamp="1 May 2022 06:47:53 GMT">
  <testcase classname="test.First" name="testCase1" time="0.006"/>
  <testcase classname="test.First" name="testCase2" time="0.002"/>
  <testcase classname="test.First" name="testCase3" time="0.005"/>
  <testcase classname="test.First" name="testCase4" time="0.002"/>
</testsuite> <!-- Default test -->
