<?xml version="1.0" encoding="UTF-8"?>
<!-- Generated by org.testng.reporters.JUnitXMLReporter -->
<testsuite hostname="Dell-52STKP2-NS" failures="1" tests="13" name="Package Execution" time="13.171" errors="0" timestamp="30 Apr 2022 17:29:22 GMT">
  <testcase classname="test.DependentTest" name="testCase2" time="0.008"/>
  <testcase classname="test.DependentTest" name="testCase4" time="0.007"/>
  <testcase classname="intro.Login" name="loginUser" time="1.263"/>
  <testcase classname="test.DependentTest" name="testCase1" time="0.001"/>
  <testcase classname="test.DependentTest" name="testCase3" time="0.003"/>
  <testcase classname="intro.A" name="abc" time="0.915"/>
  <testcase classname="test.First" name="testCase1" time="0.004"/>
  <testcase classname="test.First" name="testCase2" time="0.004"/>
  <testcase classname="test.First" name="testCase3" time="0.006"/>
  <testcase classname="test.First" name="testCase4" time="0.007"/>
  <testcase classname="intro.DocTypeRules" name="loginUser" time="1.421"/>
  <testcase classname="intro.DocTypeRules" name="saveDocRule" time="1.28"/>
  <testcase classname="intro.DocTypeRules" name="ruleList" time="1.466">
    <failure type="java.lang.AssertionError" message="The following asserts failed:
	expected [true] but found [true],
	expected [true] but found [true],
	expected [true] but found [true]">
      <![CDATA[java.lang.AssertionError: The following asserts failed:
	expected [true] but found [true],
	expected [true] but found [true],
	expected [true] but found [true]
	at intro.DocTypeRules.ruleList(DocTypeRules.java:102)
... Removed 25 stack frames]]>
    </failure>
  </testcase> <!-- ruleList -->
</testsuite> <!-- Package Execution -->
