<?xml version="1.0" encoding="UTF-8"?>
<testng-results total="8" passed="8" failed="0" skipped="0">
  <reporter-output>
  </reporter-output>
  <suite started-at="2022-04-30T09:25:27Z" name="Package Execution Suite" finished-at="2022-04-30T09:25:27Z" duration-ms="86">
    <groups>
      <group name="regression">
        <method signature="First.testCase1()[pri:0, instance:test.First@7ee8290b]" name="testCase1" class="test.First"/>
        <method signature="First.testCase2()[pri:0, instance:test.First@7ee8290b]" name="testCase2" class="test.First"/>
      </group> <!-- regression -->
      <group name="apr_release">
        <method signature="First.testCase2()[pri:0, instance:test.First@7ee8290b]" name="testCase2" class="test.First"/>
        <method signature="First.testCase3()[pri:0, instance:test.First@7ee8290b]" name="testCase3" class="test.First"/>
        <method signature="First.testCase4()[pri:0, instance:test.First@7ee8290b]" name="testCase4" class="test.First"/>
      </group> <!-- apr_release -->
    </groups>
    <test started-at="2022-04-30T09:25:27Z" name="Package Execution" finished-at="2022-04-30T09:25:27Z" duration-ms="86">
      <class name="test.DependentTest">
        <test-method is-config="true" signature="beforeMethod()[pri:0, instance:test.DependentTest@1f59a598]" started-at="2022-04-30T14:55:27Z" name="beforeMethod" finished-at="2022-04-30T14:55:27Z" duration-ms="0" status="PASS">
          <reporter-output>
          </reporter-output>
        </test-method> <!-- beforeMethod -->
        <test-method signature="testCase2()[pri:0, instance:test.DependentTest@1f59a598]" started-at="2022-04-30T14:55:27Z" name="testCase2" finished-at="2022-04-30T14:55:27Z" duration-ms="5" status="PASS">
          <reporter-output>
          </reporter-output>
        </test-method> <!-- testCase2 -->
        <test-method is-config="true" signature="beforeMethod()[pri:0, instance:test.DependentTest@1f59a598]" started-at="2022-04-30T14:55:27Z" name="beforeMethod" finished-at="2022-04-30T14:55:27Z" duration-ms="0" status="PASS">
          <reporter-output>
          </reporter-output>
        </test-method> <!-- beforeMethod -->
        <test-method signature="testCase4()[pri:0, instance:test.DependentTest@1f59a598]" started-at="2022-04-30T14:55:27Z" name="testCase4" finished-at="2022-04-30T14:55:27Z" duration-ms="2" status="PASS">
          <reporter-output>
          </reporter-output>
        </test-method> <!-- testCase4 -->
        <test-method is-config="true" signature="beforeMethod()[pri:0, instance:test.DependentTest@1f59a598]" started-at="2022-04-30T14:55:27Z" name="beforeMethod" finished-at="2022-04-30T14:55:27Z" duration-ms="1" status="PASS">
          <reporter-output>
          </reporter-output>
        </test-method> <!-- beforeMethod -->
        <test-method signature="testCase1()[pri:0, instance:test.DependentTest@1f59a598]" started-at="2022-04-30T14:55:27Z" name="testCase1" finished-at="2022-04-30T14:55:27Z" depends-on-methods="test.DependentTest.testCase2" duration-ms="2" status="PASS">
          <reporter-output>
          </reporter-output>
        </test-method> <!-- testCase1 -->
        <test-method is-config="true" signature="beforeMethod()[pri:0, instance:test.DependentTest@1f59a598]" started-at="2022-04-30T14:55:27Z" name="beforeMethod" finished-at="2022-04-30T14:55:27Z" duration-ms="0" status="PASS">
          <reporter-output>
          </reporter-output>
        </test-method> <!-- beforeMethod -->
        <test-method signature="testCase3()[pri:0, instance:test.DependentTest@1f59a598]" started-at="2022-04-30T14:55:27Z" name="testCase3" finished-at="2022-04-30T14:55:27Z" depends-on-methods="test.DependentTest.testCase1" duration-ms="2" status="PASS">
          <reporter-output>
          </reporter-output>
        </test-method> <!-- testCase3 -->
      </class> <!-- test.DependentTest -->
      <class name="test.First">
        <test-method is-config="true" signature="beforeSuite()[pri:0, instance:test.First@7ee8290b]" started-at="2022-04-30T14:55:27Z" name="beforeSuite" finished-at="2022-04-30T14:55:27Z" duration-ms="23" status="PASS">
          <reporter-output>
          </reporter-output>
        </test-method> <!-- beforeSuite -->
        <test-method is-config="true" signature="beforeTest()[pri:0, instance:test.First@7ee8290b]" started-at="2022-04-30T14:55:27Z" name="beforeTest" finished-at="2022-04-30T14:55:27Z" duration-ms="0" status="PASS">
          <reporter-output>
          </reporter-output>
        </test-method> <!-- beforeTest -->
        <test-method is-config="true" signature="beforeClass()[pri:0, instance:test.First@7ee8290b]" started-at="2022-04-30T14:55:27Z" name="beforeClass" finished-at="2022-04-30T14:55:27Z" duration-ms="0" status="PASS">
          <reporter-output>
          </reporter-output>
        </test-method> <!-- beforeClass -->
        <test-method signature="testCase1()[pri:0, instance:test.First@7ee8290b]" started-at="2022-04-30T14:55:27Z" name="testCase1" finished-at="2022-04-30T14:55:27Z" duration-ms="2" status="PASS">
          <reporter-output>
          </reporter-output>
        </test-method> <!-- testCase1 -->
        <test-method is-config="true" signature="beforeMethod()[pri:0, instance:test.First@7ee8290b]" started-at="2022-04-30T14:55:27Z" name="beforeMethod" finished-at="2022-04-30T14:55:27Z" duration-ms="0" status="PASS">
          <reporter-output>
          </reporter-output>
        </test-method> <!-- beforeMethod -->
        <test-method is-config="true" signature="afterMethod()[pri:0, instance:test.First@7ee8290b]" started-at="2022-04-30T14:55:27Z" name="afterMethod" finished-at="2022-04-30T14:55:27Z" duration-ms="0" status="PASS">
          <reporter-output>
          </reporter-output>
        </test-method> <!-- afterMethod -->
        <test-method is-config="true" signature="beforeMethod()[pri:0, instance:test.First@7ee8290b]" started-at="2022-04-30T14:55:27Z" name="beforeMethod" finished-at="2022-04-30T14:55:27Z" duration-ms="1" status="PASS">
          <reporter-output>
          </reporter-output>
        </test-method> <!-- beforeMethod -->
        <test-method signature="testCase2()[pri:0, instance:test.First@7ee8290b]" started-at="2022-04-30T14:55:27Z" name="testCase2" finished-at="2022-04-30T14:55:27Z" duration-ms="5" status="PASS">
          <reporter-output>
          </reporter-output>
        </test-method> <!-- testCase2 -->
        <test-method is-config="true" signature="afterMethod()[pri:0, instance:test.First@7ee8290b]" started-at="2022-04-30T14:55:27Z" name="afterMethod" finished-at="2022-04-30T14:55:27Z" duration-ms="2" status="PASS">
          <reporter-output>
          </reporter-output>
        </test-method> <!-- afterMethod -->
        <test-method signature="testCase3()[pri:0, instance:test.First@7ee8290b]" started-at="2022-04-30T14:55:27Z" name="testCase3" finished-at="2022-04-30T14:55:27Z" duration-ms="3" status="PASS">
          <reporter-output>
          </reporter-output>
        </test-method> <!-- testCase3 -->
        <test-method is-config="true" signature="beforeMethod()[pri:0, instance:test.First@7ee8290b]" started-at="2022-04-30T14:55:27Z" name="beforeMethod" finished-at="2022-04-30T14:55:27Z" duration-ms="0" status="PASS">
          <reporter-output>
          </reporter-output>
        </test-method> <!-- beforeMethod -->
        <test-method is-config="true" signature="afterMethod()[pri:0, instance:test.First@7ee8290b]" started-at="2022-04-30T14:55:27Z" name="afterMethod" finished-at="2022-04-30T14:55:27Z" duration-ms="1" status="PASS">
          <reporter-output>
          </reporter-output>
        </test-method> <!-- afterMethod -->
        <test-method is-config="true" signature="beforeMethod()[pri:0, instance:test.First@7ee8290b]" started-at="2022-04-30T14:55:27Z" name="beforeMethod" finished-at="2022-04-30T14:55:27Z" duration-ms="1" status="PASS">
          <reporter-output>
          </reporter-output>
        </test-method> <!-- beforeMethod -->
        <test-method signature="testCase4()[pri:0, instance:test.First@7ee8290b]" started-at="2022-04-30T14:55:27Z" name="testCase4" finished-at="2022-04-30T14:55:27Z" duration-ms="2" status="PASS">
          <reporter-output>
          </reporter-output>
        </test-method> <!-- testCase4 -->
        <test-method is-config="true" signature="afterMethod()[pri:0, instance:test.First@7ee8290b]" started-at="2022-04-30T14:55:27Z" name="afterMethod" finished-at="2022-04-30T14:55:27Z" duration-ms="0" status="PASS">
          <reporter-output>
          </reporter-output>
        </test-method> <!-- afterMethod -->
        <test-method is-config="true" signature="afterClass()[pri:0, instance:test.First@7ee8290b]" started-at="2022-04-30T14:55:27Z" name="afterClass" finished-at="2022-04-30T14:55:27Z" duration-ms="1" status="PASS">
          <reporter-output>
          </reporter-output>
        </test-method> <!-- afterClass -->
        <test-method is-config="true" signature="afterTest()[pri:0, instance:test.First@7ee8290b]" started-at="2022-04-30T14:55:27Z" name="afterTest" finished-at="2022-04-30T14:55:27Z" duration-ms="0" status="PASS">
          <reporter-output>
          </reporter-output>
        </test-method> <!-- afterTest -->
        <test-method is-config="true" signature="afterSuite()[pri:0, instance:test.First@7ee8290b]" started-at="2022-04-30T14:55:27Z" name="afterSuite" finished-at="2022-04-30T14:55:27Z" duration-ms="1" status="PASS">
          <reporter-output>
          </reporter-output>
        </test-method> <!-- afterSuite -->
      </class> <!-- test.First -->
    </test> <!-- Package Execution -->
  </suite> <!-- Package Execution Suite -->
</testng-results>
