<?xml version="1.0" encoding="UTF-8"?>
<testng-results total="4" passed="4" failed="0" skipped="0">
  <reporter-output>
  </reporter-output>
  <suite started-at="2022-05-01T06:47:53Z" name="Default suite" finished-at="2022-05-01T06:47:53Z" duration-ms="70">
    <groups>
      <group name="regression">
        <method signature="First.testCase1()[pri:0, instance:test.First@723e88f9]" name="testCase1" class="test.First"/>
        <method signature="First.testCase2()[pri:0, instance:test.First@723e88f9]" name="testCase2" class="test.First"/>
      </group> <!-- regression -->
      <group name="apr_release">
        <method signature="First.testCase2()[pri:0, instance:test.First@723e88f9]" name="testCase2" class="test.First"/>
        <method signature="First.testCase3()[pri:0, instance:test.First@723e88f9]" name="testCase3" class="test.First"/>
        <method signature="First.testCase4()[pri:0, instance:test.First@723e88f9]" name="testCase4" class="test.First"/>
      </group> <!-- apr_release -->
    </groups>
    <test started-at="2022-05-01T06:47:53Z" name="Default test" finished-at="2022-05-01T06:47:53Z" duration-ms="70">
      <class name="test.First">
        <test-method is-config="true" signature="beforeSuite()[pri:0, instance:test.First@723e88f9]" started-at="2022-05-01T12:17:53Z" name="beforeSuite" finished-at="2022-05-01T12:17:53Z" duration-ms="17" status="PASS">
          <reporter-output>
          </reporter-output>
        </test-method> <!-- beforeSuite -->
        <test-method is-config="true" signature="beforeTest()[pri:0, instance:test.First@723e88f9]" started-at="2022-05-01T12:17:53Z" name="beforeTest" finished-at="2022-05-01T12:17:53Z" duration-ms="2" status="PASS">
          <reporter-output>
          </reporter-output>
        </test-method> <!-- beforeTest -->
        <test-method is-config="true" signature="beforeClass()[pri:0, instance:test.First@723e88f9]" started-at="2022-05-01T12:17:53Z" name="beforeClass" finished-at="2022-05-01T12:17:53Z" duration-ms="1" status="PASS">
          <reporter-output>
          </reporter-output>
        </test-method> <!-- beforeClass -->
        <test-method signature="testCase1()[pri:0, instance:test.First@723e88f9]" started-at="2022-05-01T12:17:53Z" name="testCase1" finished-at="2022-05-01T12:17:53Z" duration-ms="6" status="PASS">
          <reporter-output>
          </reporter-output>
        </test-method> <!-- testCase1 -->
        <test-method is-config="true" signature="afterMethod()[pri:0, instance:test.First@723e88f9]" started-at="2022-05-01T12:17:53Z" name="afterMethod" finished-at="2022-05-01T12:17:53Z" duration-ms="1" status="PASS">
          <reporter-output>
          </reporter-output>
        </test-method> <!-- afterMethod -->
        <test-method signature="testCase2()[pri:0, instance:test.First@723e88f9]" started-at="2022-05-01T12:17:53Z" name="testCase2" finished-at="2022-05-01T12:17:53Z" duration-ms="2" status="PASS">
          <reporter-output>
          </reporter-output>
        </test-method> <!-- testCase2 -->
        <test-method is-config="true" signature="afterMethod()[pri:0, instance:test.First@723e88f9]" started-at="2022-05-01T12:17:53Z" name="afterMethod" finished-at="2022-05-01T12:17:53Z" duration-ms="1" status="PASS">
          <reporter-output>
          </reporter-output>
        </test-method> <!-- afterMethod -->
        <test-method signature="testCase3()[pri:0, instance:test.First@723e88f9]" started-at="2022-05-01T12:17:53Z" name="testCase3" finished-at="2022-05-01T12:17:53Z" duration-ms="5" status="PASS">
          <reporter-output>
          </reporter-output>
        </test-method> <!-- testCase3 -->
        <test-method is-config="true" signature="afterMethod()[pri:0, instance:test.First@723e88f9]" started-at="2022-05-01T12:17:53Z" name="afterMethod" finished-at="2022-05-01T12:17:53Z" duration-ms="0" status="PASS">
          <reporter-output>
          </reporter-output>
        </test-method> <!-- afterMethod -->
        <test-method signature="testCase4()[pri:0, instance:test.First@723e88f9]" started-at="2022-05-01T12:17:53Z" name="testCase4" finished-at="2022-05-01T12:17:53Z" duration-ms="2" status="PASS">
          <reporter-output>
          </reporter-output>
        </test-method> <!-- testCase4 -->
        <test-method is-config="true" signature="afterMethod()[pri:0, instance:test.First@723e88f9]" started-at="2022-05-01T12:17:53Z" name="afterMethod" finished-at="2022-05-01T12:17:53Z" duration-ms="0" status="PASS">
          <reporter-output>
          </reporter-output>
        </test-method> <!-- afterMethod -->
        <test-method is-config="true" signature="afterClass()[pri:0, instance:test.First@723e88f9]" started-at="2022-05-01T12:17:53Z" name="afterClass" finished-at="2022-05-01T12:17:53Z" duration-ms="0" status="PASS">
          <reporter-output>
          </reporter-output>
        </test-method> <!-- afterClass -->
        <test-method is-config="true" signature="afterTest()[pri:0, instance:test.First@723e88f9]" started-at="2022-05-01T12:17:53Z" name="afterTest" finished-at="2022-05-01T12:17:53Z" duration-ms="0" status="PASS">
          <reporter-output>
          </reporter-output>
        </test-method> <!-- afterTest -->
      </class> <!-- test.First -->
    </test> <!-- Default test -->
  </suite> <!-- Default suite -->
</testng-results>
